mode: set
github.com/icaroribeiro/new-go-code-challenge-template-2/internal/application/service/healthcheck/service.go:13.51,17.2 1 1
github.com/icaroribeiro/new-go-code-challenge-template-2/internal/application/service/healthcheck/service.go:21.37,23.16 2 1
github.com/icaroribeiro/new-go-code-challenge-template-2/internal/application/service/healthcheck/service.go:27.2,27.33 1 1
github.com/icaroribeiro/new-go-code-challenge-template-2/internal/application/service/healthcheck/service.go:31.2,31.12 1 1
github.com/icaroribeiro/new-go-code-challenge-template-2/internal/application/service/healthcheck/service.go:23.16,25.3 1 1
github.com/icaroribeiro/new-go-code-challenge-template-2/internal/application/service/healthcheck/service.go:27.33,29.3 1 1
github.com/icaroribeiro/new-go-code-challenge-template-2/internal/application/service/user/service.go:17.127,21.2 1 1
github.com/icaroribeiro/new-go-code-challenge-template-2/internal/application/service/user/service.go:24.55,26.16 2 1
github.com/icaroribeiro/new-go-code-challenge-template-2/internal/application/service/user/service.go:30.2,30.19 1 1
github.com/icaroribeiro/new-go-code-challenge-template-2/internal/application/service/user/service.go:26.16,28.3 1 1
github.com/icaroribeiro/new-go-code-challenge-template-2/internal/application/service/user/service.go:34.66,38.2 2 1
github.com/icaroribeiro/new-go-code-challenge-template-2/internal/infrastructure/storage/datastore/repository/auth/repository.go:20.59,25.2 2 1
github.com/icaroribeiro/new-go-code-challenge-template-2/internal/infrastructure/storage/datastore/repository/auth/repository.go:28.78,33.25 4 1
github.com/icaroribeiro/new-go-code-challenge-template-2/internal/infrastructure/storage/datastore/repository/auth/repository.go:51.2,51.38 1 1
github.com/icaroribeiro/new-go-code-challenge-template-2/internal/infrastructure/storage/datastore/repository/auth/repository.go:33.25,34.66 1 1
github.com/icaroribeiro/new-go-code-challenge-template-2/internal/infrastructure/storage/datastore/repository/auth/repository.go:48.3,48.42 1 1
github.com/icaroribeiro/new-go-code-challenge-template-2/internal/infrastructure/storage/datastore/repository/auth/repository.go:34.66,37.100 2 1
github.com/icaroribeiro/new-go-code-challenge-template-2/internal/infrastructure/storage/datastore/repository/auth/repository.go:41.4,41.60 1 1
github.com/icaroribeiro/new-go-code-challenge-template-2/internal/infrastructure/storage/datastore/repository/auth/repository.go:45.4,45.122 1 1
github.com/icaroribeiro/new-go-code-challenge-template-2/internal/infrastructure/storage/datastore/repository/auth/repository.go:37.100,39.5 1 1
github.com/icaroribeiro/new-go-code-challenge-template-2/internal/infrastructure/storage/datastore/repository/auth/repository.go:41.60,43.5 1 1
github.com/icaroribeiro/new-go-code-challenge-template-2/internal/infrastructure/storage/datastore/repository/auth/repository.go:55.75,58.83 2 1
github.com/icaroribeiro/new-go-code-challenge-template-2/internal/infrastructure/storage/datastore/repository/auth/repository.go:62.2,62.38 1 1
github.com/icaroribeiro/new-go-code-challenge-template-2/internal/infrastructure/storage/datastore/repository/auth/repository.go:58.83,60.3 1 1
github.com/icaroribeiro/new-go-code-challenge-template-2/internal/infrastructure/storage/datastore/repository/auth/repository.go:66.66,70.25 3 1
github.com/icaroribeiro/new-go-code-challenge-template-2/internal/infrastructure/storage/datastore/repository/auth/repository.go:74.2,74.30 1 1
github.com/icaroribeiro/new-go-code-challenge-template-2/internal/infrastructure/storage/datastore/repository/auth/repository.go:78.2,78.63 1 1
github.com/icaroribeiro/new-go-code-challenge-template-2/internal/infrastructure/storage/datastore/repository/auth/repository.go:82.2,82.30 1 1
github.com/icaroribeiro/new-go-code-challenge-template-2/internal/infrastructure/storage/datastore/repository/auth/repository.go:86.2,86.38 1 1
github.com/icaroribeiro/new-go-code-challenge-template-2/internal/infrastructure/storage/datastore/repository/auth/repository.go:70.25,72.3 1 1
github.com/icaroribeiro/new-go-code-challenge-template-2/internal/infrastructure/storage/datastore/repository/auth/repository.go:74.30,76.3 1 1
github.com/icaroribeiro/new-go-code-challenge-template-2/internal/infrastructure/storage/datastore/repository/auth/repository.go:78.63,80.3 1 1
github.com/icaroribeiro/new-go-code-challenge-template-2/internal/infrastructure/storage/datastore/repository/auth/repository.go:82.30,84.3 1 1
github.com/icaroribeiro/new-go-code-challenge-template-2/internal/infrastructure/storage/datastore/repository/auth/repository.go:90.84,91.18 1 1
github.com/icaroribeiro/new-go-code-challenge-template-2/internal/infrastructure/storage/datastore/repository/auth/repository.go:96.2,97.10 2 1
github.com/icaroribeiro/new-go-code-challenge-template-2/internal/infrastructure/storage/datastore/repository/auth/repository.go:91.18,94.3 2 1
github.com/icaroribeiro/new-go-code-challenge-template-2/internal/transport/presentation/handler/graphql/handler.go:22.93,33.2 6 1
github.com/icaroribeiro/new-go-code-challenge-template-2/internal/transport/presentation/handler/graphql/handler.go:35.74,43.2 2 1
github.com/icaroribeiro/new-go-code-challenge-template-2/internal/infrastructure/storage/datastore/repository/user/repository.go:20.59,25.2 2 1
github.com/icaroribeiro/new-go-code-challenge-template-2/internal/infrastructure/storage/datastore/repository/user/repository.go:28.78,32.64 3 1
github.com/icaroribeiro/new-go-code-challenge-template-2/internal/infrastructure/storage/datastore/repository/user/repository.go:40.2,40.38 1 1
github.com/icaroribeiro/new-go-code-challenge-template-2/internal/infrastructure/storage/datastore/repository/user/repository.go:32.64,33.68 1 1
github.com/icaroribeiro/new-go-code-challenge-template-2/internal/infrastructure/storage/datastore/repository/user/repository.go:37.3,37.42 1 1
github.com/icaroribeiro/new-go-code-challenge-template-2/internal/infrastructure/storage/datastore/repository/user/repository.go:33.68,35.4 1 1
github.com/icaroribeiro/new-go-code-challenge-template-2/internal/infrastructure/storage/datastore/repository/user/repository.go:44.58,47.63 2 1
github.com/icaroribeiro/new-go-code-challenge-template-2/internal/infrastructure/storage/datastore/repository/user/repository.go:51.2,51.39 1 1
github.com/icaroribeiro/new-go-code-challenge-template-2/internal/infrastructure/storage/datastore/repository/user/repository.go:47.63,49.3 1 1
github.com/icaroribeiro/new-go-code-challenge-template-2/internal/infrastructure/storage/datastore/repository/user/repository.go:55.84,56.18 1 1
github.com/icaroribeiro/new-go-code-challenge-template-2/internal/infrastructure/storage/datastore/repository/user/repository.go:61.2,62.10 2 1
github.com/icaroribeiro/new-go-code-challenge-template-2/internal/infrastructure/storage/datastore/repository/user/repository.go:56.18,59.3 2 1
github.com/icaroribeiro/new-go-code-challenge-template-2/internal/application/service/auth/service.go:33.46,44.2 1 1
github.com/icaroribeiro/new-go-code-challenge-template-2/internal/application/service/auth/service.go:47.81,48.58 1 1
github.com/icaroribeiro/new-go-code-challenge-template-2/internal/application/service/auth/service.go:52.2,53.16 2 1
github.com/icaroribeiro/new-go-code-challenge-template-2/internal/application/service/auth/service.go:57.2,57.22 1 1
github.com/icaroribeiro/new-go-code-challenge-template-2/internal/application/service/auth/service.go:61.2,66.16 3 1
github.com/icaroribeiro/new-go-code-challenge-template-2/internal/application/service/auth/service.go:70.2,77.16 3 1
github.com/icaroribeiro/new-go-code-challenge-template-2/internal/application/service/auth/service.go:81.2,86.16 3 1
github.com/icaroribeiro/new-go-code-challenge-template-2/internal/application/service/auth/service.go:90.2,91.16 2 1
github.com/icaroribeiro/new-go-code-challenge-template-2/internal/application/service/auth/service.go:95.2,95.19 1 1
github.com/icaroribeiro/new-go-code-challenge-template-2/internal/application/service/auth/service.go:48.58,50.3 1 1
github.com/icaroribeiro/new-go-code-challenge-template-2/internal/application/service/auth/service.go:53.16,55.3 1 1
github.com/icaroribeiro/new-go-code-challenge-template-2/internal/application/service/auth/service.go:57.22,59.3 1 1
github.com/icaroribeiro/new-go-code-challenge-template-2/internal/application/service/auth/service.go:66.16,68.3 1 1
github.com/icaroribeiro/new-go-code-challenge-template-2/internal/application/service/auth/service.go:77.16,79.3 1 1
github.com/icaroribeiro/new-go-code-challenge-template-2/internal/application/service/auth/service.go:86.16,88.3 1 1
github.com/icaroribeiro/new-go-code-challenge-template-2/internal/application/service/auth/service.go:91.16,93.3 1 1
github.com/icaroribeiro/new-go-code-challenge-template-2/internal/application/service/auth/service.go:99.78,100.58 1 1
github.com/icaroribeiro/new-go-code-challenge-template-2/internal/application/service/auth/service.go:104.2,105.16 2 1
github.com/icaroribeiro/new-go-code-challenge-template-2/internal/application/service/auth/service.go:109.2,109.21 1 1
github.com/icaroribeiro/new-go-code-challenge-template-2/internal/application/service/auth/service.go:113.2,113.88 1 1
github.com/icaroribeiro/new-go-code-challenge-template-2/internal/application/service/auth/service.go:117.2,118.16 2 1
github.com/icaroribeiro/new-go-code-challenge-template-2/internal/application/service/auth/service.go:122.2,122.21 1 1
github.com/icaroribeiro/new-go-code-challenge-template-2/internal/application/service/auth/service.go:126.2,131.16 3 1
github.com/icaroribeiro/new-go-code-challenge-template-2/internal/application/service/auth/service.go:135.2,138.16 3 1
github.com/icaroribeiro/new-go-code-challenge-template-2/internal/application/service/auth/service.go:142.2,142.19 1 1
github.com/icaroribeiro/new-go-code-challenge-template-2/internal/application/service/auth/service.go:100.58,102.3 1 1
github.com/icaroribeiro/new-go-code-challenge-template-2/internal/application/service/auth/service.go:105.16,107.3 1 1
github.com/icaroribeiro/new-go-code-challenge-template-2/internal/application/service/auth/service.go:109.21,111.3 1 1
github.com/icaroribeiro/new-go-code-challenge-template-2/internal/application/service/auth/service.go:113.88,115.3 1 1
github.com/icaroribeiro/new-go-code-challenge-template-2/internal/application/service/auth/service.go:118.16,120.3 1 1
github.com/icaroribeiro/new-go-code-challenge-template-2/internal/application/service/auth/service.go:122.21,124.3 1 1
github.com/icaroribeiro/new-go-code-challenge-template-2/internal/application/service/auth/service.go:131.16,133.3 1 1
github.com/icaroribeiro/new-go-code-challenge-template-2/internal/application/service/auth/service.go:138.16,140.3 1 1
github.com/icaroribeiro/new-go-code-challenge-template-2/internal/application/service/auth/service.go:146.69,148.2 1 1
github.com/icaroribeiro/new-go-code-challenge-template-2/internal/application/service/auth/service.go:151.84,152.74 1 1
github.com/icaroribeiro/new-go-code-challenge-template-2/internal/application/service/auth/service.go:156.2,156.56 1 1
github.com/icaroribeiro/new-go-code-challenge-template-2/internal/application/service/auth/service.go:160.2,161.16 2 1
github.com/icaroribeiro/new-go-code-challenge-template-2/internal/application/service/auth/service.go:165.2,165.21 1 1
github.com/icaroribeiro/new-go-code-challenge-template-2/internal/application/service/auth/service.go:169.2,169.93 1 1
github.com/icaroribeiro/new-go-code-challenge-template-2/internal/application/service/auth/service.go:177.2,177.56 1 1
github.com/icaroribeiro/new-go-code-challenge-template-2/internal/application/service/auth/service.go:181.2,185.12 3 1
github.com/icaroribeiro/new-go-code-challenge-template-2/internal/application/service/auth/service.go:152.74,154.3 1 1
github.com/icaroribeiro/new-go-code-challenge-template-2/internal/application/service/auth/service.go:156.56,158.3 1 1
github.com/icaroribeiro/new-go-code-challenge-template-2/internal/application/service/auth/service.go:161.16,163.3 1 1
github.com/icaroribeiro/new-go-code-challenge-template-2/internal/application/service/auth/service.go:165.21,167.3 1 1
github.com/icaroribeiro/new-go-code-challenge-template-2/internal/application/service/auth/service.go:169.93,170.59 1 1
github.com/icaroribeiro/new-go-code-challenge-template-2/internal/application/service/auth/service.go:174.3,174.13 1 1
github.com/icaroribeiro/new-go-code-challenge-template-2/internal/application/service/auth/service.go:170.59,172.4 1 1
github.com/icaroribeiro/new-go-code-challenge-template-2/internal/application/service/auth/service.go:177.56,179.3 1 1
github.com/icaroribeiro/new-go-code-challenge-template-2/internal/application/service/auth/service.go:189.43,190.74 1 1
github.com/icaroribeiro/new-go-code-challenge-template-2/internal/application/service/auth/service.go:194.2,196.12 2 1
github.com/icaroribeiro/new-go-code-challenge-template-2/internal/application/service/auth/service.go:190.74,192.3 1 1
github.com/icaroribeiro/new-go-code-challenge-template-2/internal/application/service/auth/service.go:200.66,208.2 4 1
github.com/icaroribeiro/new-go-code-challenge-template-2/internal/infrastructure/storage/datastore/repository/login/repository.go:20.60,25.2 2 1
github.com/icaroribeiro/new-go-code-challenge-template-2/internal/infrastructure/storage/datastore/repository/login/repository.go:28.81,32.65 3 1
github.com/icaroribeiro/new-go-code-challenge-template-2/internal/infrastructure/storage/datastore/repository/login/repository.go:40.2,40.39 1 1
github.com/icaroribeiro/new-go-code-challenge-template-2/internal/infrastructure/storage/datastore/repository/login/repository.go:32.65,33.67 1 1
github.com/icaroribeiro/new-go-code-challenge-template-2/internal/infrastructure/storage/datastore/repository/login/repository.go:37.3,37.43 1 1
github.com/icaroribeiro/new-go-code-challenge-template-2/internal/infrastructure/storage/datastore/repository/login/repository.go:33.67,35.4 1 1
github.com/icaroribeiro/new-go-code-challenge-template-2/internal/infrastructure/storage/datastore/repository/login/repository.go:44.80,47.87 2 1
github.com/icaroribeiro/new-go-code-challenge-template-2/internal/infrastructure/storage/datastore/repository/login/repository.go:51.2,51.39 1 1
github.com/icaroribeiro/new-go-code-challenge-template-2/internal/infrastructure/storage/datastore/repository/login/repository.go:47.87,49.3 1 1
github.com/icaroribeiro/new-go-code-challenge-template-2/internal/infrastructure/storage/datastore/repository/login/repository.go:55.76,58.84 2 1
github.com/icaroribeiro/new-go-code-challenge-template-2/internal/infrastructure/storage/datastore/repository/login/repository.go:62.2,62.39 1 1
github.com/icaroribeiro/new-go-code-challenge-template-2/internal/infrastructure/storage/datastore/repository/login/repository.go:58.84,60.3 1 1
github.com/icaroribeiro/new-go-code-challenge-template-2/internal/infrastructure/storage/datastore/repository/login/repository.go:66.92,71.25 4 1
github.com/icaroribeiro/new-go-code-challenge-template-2/internal/infrastructure/storage/datastore/repository/login/repository.go:75.2,75.30 1 1
github.com/icaroribeiro/new-go-code-challenge-template-2/internal/infrastructure/storage/datastore/repository/login/repository.go:79.2,79.74 1 1
github.com/icaroribeiro/new-go-code-challenge-template-2/internal/infrastructure/storage/datastore/repository/login/repository.go:83.2,83.30 1 1
github.com/icaroribeiro/new-go-code-challenge-template-2/internal/infrastructure/storage/datastore/repository/login/repository.go:87.2,87.39 1 1
github.com/icaroribeiro/new-go-code-challenge-template-2/internal/infrastructure/storage/datastore/repository/login/repository.go:71.25,73.3 1 1
github.com/icaroribeiro/new-go-code-challenge-template-2/internal/infrastructure/storage/datastore/repository/login/repository.go:75.30,77.3 1 1
github.com/icaroribeiro/new-go-code-challenge-template-2/internal/infrastructure/storage/datastore/repository/login/repository.go:79.74,81.3 1 1
github.com/icaroribeiro/new-go-code-challenge-template-2/internal/infrastructure/storage/datastore/repository/login/repository.go:83.30,85.3 1 1
github.com/icaroribeiro/new-go-code-challenge-template-2/internal/infrastructure/storage/datastore/repository/login/repository.go:91.67,95.25 3 1
github.com/icaroribeiro/new-go-code-challenge-template-2/internal/infrastructure/storage/datastore/repository/login/repository.go:99.2,99.30 1 1
github.com/icaroribeiro/new-go-code-challenge-template-2/internal/infrastructure/storage/datastore/repository/login/repository.go:103.2,103.64 1 1
github.com/icaroribeiro/new-go-code-challenge-template-2/internal/infrastructure/storage/datastore/repository/login/repository.go:107.2,107.30 1 1
github.com/icaroribeiro/new-go-code-challenge-template-2/internal/infrastructure/storage/datastore/repository/login/repository.go:111.2,111.39 1 1
github.com/icaroribeiro/new-go-code-challenge-template-2/internal/infrastructure/storage/datastore/repository/login/repository.go:95.25,97.3 1 1
github.com/icaroribeiro/new-go-code-challenge-template-2/internal/infrastructure/storage/datastore/repository/login/repository.go:99.30,101.3 1 1
github.com/icaroribeiro/new-go-code-challenge-template-2/internal/infrastructure/storage/datastore/repository/login/repository.go:103.64,105.3 1 1
github.com/icaroribeiro/new-go-code-challenge-template-2/internal/infrastructure/storage/datastore/repository/login/repository.go:107.30,109.3 1 1
github.com/icaroribeiro/new-go-code-challenge-template-2/internal/infrastructure/storage/datastore/repository/login/repository.go:115.85,116.18 1 1
github.com/icaroribeiro/new-go-code-challenge-template-2/internal/infrastructure/storage/datastore/repository/login/repository.go:121.2,122.10 2 1
github.com/icaroribeiro/new-go-code-challenge-template-2/internal/infrastructure/storage/datastore/repository/login/repository.go:116.18,119.3 2 1
github.com/icaroribeiro/new-go-code-challenge-template-2/internal/transport/router/graphql/router.go:12.134,22.2 1 1
github.com/icaroribeiro/new-go-code-challenge-template-2/internal/transport/presentation/handler/graphql/gqlgen/graph/directive/auth/directive.go:22.88,28.2 1 1
github.com/icaroribeiro/new-go-code-challenge-template-2/internal/transport/presentation/handler/graphql/gqlgen/graph/directive/auth/directive.go:36.94,38.16 2 1
github.com/icaroribeiro/new-go-code-challenge-template-2/internal/transport/presentation/handler/graphql/gqlgen/graph/directive/auth/directive.go:44.2,47.25 3 1
github.com/icaroribeiro/new-go-code-challenge-template-2/internal/transport/presentation/handler/graphql/gqlgen/graph/directive/auth/directive.go:51.2,51.23 1 1
github.com/icaroribeiro/new-go-code-challenge-template-2/internal/transport/presentation/handler/graphql/gqlgen/graph/directive/auth/directive.go:56.2,56.53 1 1
github.com/icaroribeiro/new-go-code-challenge-template-2/internal/transport/presentation/handler/graphql/gqlgen/graph/directive/auth/directive.go:61.2,61.18 1 1
github.com/icaroribeiro/new-go-code-challenge-template-2/internal/transport/presentation/handler/graphql/gqlgen/graph/directive/auth/directive.go:38.16,40.3 1 1
github.com/icaroribeiro/new-go-code-challenge-template-2/internal/transport/presentation/handler/graphql/gqlgen/graph/directive/auth/directive.go:47.25,49.3 1 1
github.com/icaroribeiro/new-go-code-challenge-template-2/internal/transport/presentation/handler/graphql/gqlgen/graph/directive/auth/directive.go:51.23,54.3 2 1
github.com/icaroribeiro/new-go-code-challenge-template-2/internal/transport/presentation/handler/graphql/gqlgen/graph/directive/auth/directive.go:56.53,59.3 2 1
github.com/icaroribeiro/new-go-code-challenge-template-2/internal/transport/presentation/handler/graphql/gqlgen/graph/directive/auth/directive.go:65.125,66.96 1 1
github.com/icaroribeiro/new-go-code-challenge-template-2/internal/transport/presentation/handler/graphql/gqlgen/graph/directive/auth/directive.go:66.96,68.31 2 1
github.com/icaroribeiro/new-go-code-challenge-template-2/internal/transport/presentation/handler/graphql/gqlgen/graph/directive/auth/directive.go:72.3,73.17 2 1
github.com/icaroribeiro/new-go-code-challenge-template-2/internal/transport/presentation/handler/graphql/gqlgen/graph/directive/auth/directive.go:77.3,78.17 2 1
github.com/icaroribeiro/new-go-code-challenge-template-2/internal/transport/presentation/handler/graphql/gqlgen/graph/directive/auth/directive.go:82.3,84.19 2 1
github.com/icaroribeiro/new-go-code-challenge-template-2/internal/transport/presentation/handler/graphql/gqlgen/graph/directive/auth/directive.go:68.31,70.4 1 1
github.com/icaroribeiro/new-go-code-challenge-template-2/internal/transport/presentation/handler/graphql/gqlgen/graph/directive/auth/directive.go:73.17,75.4 1 1
github.com/icaroribeiro/new-go-code-challenge-template-2/internal/transport/presentation/handler/graphql/gqlgen/graph/directive/auth/directive.go:78.17,80.4 1 1
github.com/icaroribeiro/new-go-code-challenge-template-2/internal/transport/presentation/handler/graphql/gqlgen/graph/directive/auth/directive.go:89.132,90.96 1 1
github.com/icaroribeiro/new-go-code-challenge-template-2/internal/transport/presentation/handler/graphql/gqlgen/graph/directive/auth/directive.go:90.96,92.31 2 1
github.com/icaroribeiro/new-go-code-challenge-template-2/internal/transport/presentation/handler/graphql/gqlgen/graph/directive/auth/directive.go:96.3,97.17 2 1
github.com/icaroribeiro/new-go-code-challenge-template-2/internal/transport/presentation/handler/graphql/gqlgen/graph/directive/auth/directive.go:101.3,102.17 2 1
github.com/icaroribeiro/new-go-code-challenge-template-2/internal/transport/presentation/handler/graphql/gqlgen/graph/directive/auth/directive.go:106.3,107.19 2 1
github.com/icaroribeiro/new-go-code-challenge-template-2/internal/transport/presentation/handler/graphql/gqlgen/graph/directive/auth/directive.go:92.31,94.4 1 1
github.com/icaroribeiro/new-go-code-challenge-template-2/internal/transport/presentation/handler/graphql/gqlgen/graph/directive/auth/directive.go:97.17,99.4 1 1
github.com/icaroribeiro/new-go-code-challenge-template-2/internal/transport/presentation/handler/graphql/gqlgen/graph/directive/auth/directive.go:102.17,104.4 1 1
github.com/icaroribeiro/new-go-code-challenge-template-2/internal/transport/presentation/handler/graphql/gqlgen/graph/directive/auth/directive.go:112.77,114.2 1 1
github.com/icaroribeiro/new-go-code-challenge-template-2/internal/transport/presentation/handler/graphql/gqlgen/graph/directive/auth/directive.go:117.64,120.2 2 1
github.com/icaroribeiro/new-go-code-challenge-template-2/pkg/customerror/customerror.go:32.28,34.2 1 1
github.com/icaroribeiro/new-go-code-challenge-template-2/pkg/customerror/customerror.go:37.50,39.2 1 1
github.com/icaroribeiro/new-go-code-challenge-template-2/pkg/customerror/customerror.go:42.41,44.2 1 1
github.com/icaroribeiro/new-go-code-challenge-template-2/pkg/customerror/customerror.go:47.50,49.2 1 1
github.com/icaroribeiro/new-go-code-challenge-template-2/pkg/customerror/customerror.go:52.72,54.2 1 1
github.com/icaroribeiro/new-go-code-challenge-template-2/pkg/customerror/customerror.go:57.35,58.46 1 1
github.com/icaroribeiro/new-go-code-challenge-template-2/pkg/customerror/customerror.go:62.2,62.15 1 1
github.com/icaroribeiro/new-go-code-challenge-template-2/pkg/customerror/customerror.go:58.46,60.3 1 1
github.com/icaroribeiro/new-go-code-challenge-template-2/internal/transport/presentation/handler/graphql/gqlgen/graph/directive/dbtrx/directive.go:17.34,21.2 1 1
github.com/icaroribeiro/new-go-code-challenge-template-2/internal/transport/presentation/handler/graphql/gqlgen/graph/directive/dbtrx/directive.go:30.126,31.96 1 1
github.com/icaroribeiro/new-go-code-challenge-template-2/internal/transport/presentation/handler/graphql/gqlgen/graph/directive/dbtrx/directive.go:31.96,32.18 1 1
github.com/icaroribeiro/new-go-code-challenge-template-2/internal/transport/presentation/handler/graphql/gqlgen/graph/directive/dbtrx/directive.go:36.3,38.16 2 1
github.com/icaroribeiro/new-go-code-challenge-template-2/internal/transport/presentation/handler/graphql/gqlgen/graph/directive/dbtrx/directive.go:54.3,58.17 3 1
github.com/icaroribeiro/new-go-code-challenge-template-2/internal/transport/presentation/handler/graphql/gqlgen/graph/directive/dbtrx/directive.go:69.3,69.18 1 1
github.com/icaroribeiro/new-go-code-challenge-template-2/internal/transport/presentation/handler/graphql/gqlgen/graph/directive/dbtrx/directive.go:32.18,34.4 1 1
github.com/icaroribeiro/new-go-code-challenge-template-2/internal/transport/presentation/handler/graphql/gqlgen/graph/directive/dbtrx/directive.go:38.16,39.32 1 1
github.com/icaroribeiro/new-go-code-challenge-template-2/internal/transport/presentation/handler/graphql/gqlgen/graph/directive/dbtrx/directive.go:39.32,41.26 2 1
github.com/icaroribeiro/new-go-code-challenge-template-2/internal/transport/presentation/handler/graphql/gqlgen/graph/directive/dbtrx/directive.go:47.5,49.11 3 1
github.com/icaroribeiro/new-go-code-challenge-template-2/internal/transport/presentation/handler/graphql/gqlgen/graph/directive/dbtrx/directive.go:42.16,43.13 1 1
github.com/icaroribeiro/new-go-code-challenge-template-2/internal/transport/presentation/handler/graphql/gqlgen/graph/directive/dbtrx/directive.go:44.13,45.37 1 1
github.com/icaroribeiro/new-go-code-challenge-template-2/internal/transport/presentation/handler/graphql/gqlgen/graph/directive/dbtrx/directive.go:58.17,59.46 1 1
github.com/icaroribeiro/new-go-code-challenge-template-2/internal/transport/presentation/handler/graphql/gqlgen/graph/directive/dbtrx/directive.go:59.46,61.5 1 1
github.com/icaroribeiro/new-go-code-challenge-template-2/internal/transport/presentation/handler/graphql/gqlgen/graph/directive/dbtrx/directive.go:62.9,64.49 2 1
github.com/icaroribeiro/new-go-code-challenge-template-2/internal/transport/presentation/handler/graphql/gqlgen/graph/directive/dbtrx/directive.go:64.49,66.5 1 1
github.com/icaroribeiro/new-go-code-challenge-template-2/internal/transport/presentation/handler/graphql/gqlgen/graph/directive/dbtrx/directive.go:74.70,76.2 1 1
github.com/icaroribeiro/new-go-code-challenge-template-2/internal/transport/presentation/handler/graphql/gqlgen/graph/directive/dbtrx/directive.go:79.56,82.2 2 1
github.com/icaroribeiro/new-go-code-challenge-template-2/pkg/auth/auth.go:23.33,30.2 1 1
github.com/icaroribeiro/new-go-code-challenge-template-2/pkg/auth/auth.go:33.90,47.2 4 1
github.com/icaroribeiro/new-go-code-challenge-template-2/pkg/auth/auth.go:49.83,50.57 1 1
github.com/icaroribeiro/new-go-code-challenge-template-2/pkg/auth/auth.go:57.2,57.40 1 1
github.com/icaroribeiro/new-go-code-challenge-template-2/pkg/auth/auth.go:50.57,51.57 1 1
github.com/icaroribeiro/new-go-code-challenge-template-2/pkg/auth/auth.go:54.3,54.24 1 1
github.com/icaroribeiro/new-go-code-challenge-template-2/pkg/auth/auth.go:51.57,53.4 1 1
github.com/icaroribeiro/new-go-code-challenge-template-2/pkg/auth/auth.go:62.68,65.48 2 1
github.com/icaroribeiro/new-go-code-challenge-template-2/pkg/auth/auth.go:75.2,75.19 1 1
github.com/icaroribeiro/new-go-code-challenge-template-2/pkg/auth/auth.go:65.48,66.22 1 1
github.com/icaroribeiro/new-go-code-challenge-template-2/pkg/auth/auth.go:67.35,69.58 2 1
github.com/icaroribeiro/new-go-code-challenge-template-2/pkg/auth/auth.go:70.11,71.19 1 1
github.com/icaroribeiro/new-go-code-challenge-template-2/pkg/auth/auth.go:80.110,83.48 2 1
github.com/icaroribeiro/new-go-code-challenge-template-2/pkg/auth/auth.go:92.2,98.59 4 1
github.com/icaroribeiro/new-go-code-challenge-template-2/pkg/auth/auth.go:103.2,103.19 1 1
github.com/icaroribeiro/new-go-code-challenge-template-2/pkg/auth/auth.go:83.48,84.22 1 1
github.com/icaroribeiro/new-go-code-challenge-template-2/pkg/auth/auth.go:85.35,86.9 1 1
github.com/icaroribeiro/new-go-code-challenge-template-2/pkg/auth/auth.go:87.11,88.21 1 1
github.com/icaroribeiro/new-go-code-challenge-template-2/pkg/auth/auth.go:98.59,101.3 2 1
github.com/icaroribeiro/new-go-code-challenge-template-2/pkg/auth/auth.go:107.79,110.18 2 1
github.com/icaroribeiro/new-go-code-challenge-template-2/pkg/auth/auth.go:114.2,117.9 3 1
github.com/icaroribeiro/new-go-code-challenge-template-2/pkg/auth/auth.go:121.2,122.16 2 1
github.com/icaroribeiro/new-go-code-challenge-template-2/pkg/auth/auth.go:126.2,127.9 2 1
github.com/icaroribeiro/new-go-code-challenge-template-2/pkg/auth/auth.go:131.2,132.16 2 1
github.com/icaroribeiro/new-go-code-challenge-template-2/pkg/auth/auth.go:136.2,139.18 3 1
github.com/icaroribeiro/new-go-code-challenge-template-2/pkg/auth/auth.go:110.18,112.3 1 1
github.com/icaroribeiro/new-go-code-challenge-template-2/pkg/auth/auth.go:117.9,119.3 1 1
github.com/icaroribeiro/new-go-code-challenge-template-2/pkg/auth/auth.go:122.16,124.3 1 1
github.com/icaroribeiro/new-go-code-challenge-template-2/pkg/auth/auth.go:127.9,129.3 1 1
github.com/icaroribeiro/new-go-code-challenge-template-2/pkg/auth/auth.go:132.16,134.3 1 1
github.com/icaroribeiro/new-go-code-challenge-template-2/pkg/httputil/adapter/adapter.go:16.83,20.2 1 1
github.com/icaroribeiro/new-go-code-challenge-template-2/pkg/httputil/adapter/adapter.go:23.72,28.30 3 1
github.com/icaroribeiro/new-go-code-challenge-template-2/pkg/httputil/adapter/adapter.go:32.2,32.20 1 1
github.com/icaroribeiro/new-go-code-challenge-template-2/pkg/httputil/adapter/adapter.go:28.30,30.3 1 1
github.com/icaroribeiro/new-go-code-challenge-template-2/pkg/httputil/handler/handler.go:6.40,7.71 1 1
github.com/icaroribeiro/new-go-code-challenge-template-2/pkg/httputil/handler/handler.go:7.71,9.3 1 1
github.com/icaroribeiro/new-go-code-challenge-template-2/pkg/httputil/handler/handler.go:13.48,14.71 1 1
github.com/icaroribeiro/new-go-code-challenge-template-2/pkg/httputil/handler/handler.go:14.71,16.3 1 1
github.com/icaroribeiro/new-go-code-challenge-template-2/pkg/env/env.go:9.69,11.9 2 1
github.com/icaroribeiro/new-go-code-challenge-template-2/pkg/env/env.go:15.2,15.14 1 1
github.com/icaroribeiro/new-go-code-challenge-template-2/pkg/env/env.go:11.9,13.3 1 1
github.com/icaroribeiro/new-go-code-challenge-template-2/pkg/httputil/response/response.go:13.82,18.16 4 1
github.com/icaroribeiro/new-go-code-challenge-template-2/pkg/httputil/response/response.go:24.2,24.19 1 1
github.com/icaroribeiro/new-go-code-challenge-template-2/pkg/httputil/response/response.go:18.16,22.3 3 1
github.com/icaroribeiro/new-go-code-challenge-template-2/pkg/httputil/response/response.go:28.61,33.19 3 1
github.com/icaroribeiro/new-go-code-challenge-template-2/pkg/httputil/response/response.go:48.2,48.75 1 1
github.com/icaroribeiro/new-go-code-challenge-template-2/pkg/httputil/response/response.go:34.30,35.37 1 1
github.com/icaroribeiro/new-go-code-challenge-template-2/pkg/httputil/response/response.go:36.32,37.39 1 1
github.com/icaroribeiro/new-go-code-challenge-template-2/pkg/httputil/response/response.go:38.28,39.35 1 1
github.com/icaroribeiro/new-go-code-challenge-template-2/pkg/httputil/response/response.go:40.28,41.35 1 1
github.com/icaroribeiro/new-go-code-challenge-template-2/pkg/httputil/response/response.go:42.39,43.46 1 1
github.com/icaroribeiro/new-go-code-challenge-template-2/pkg/httputil/response/response.go:44.10,45.46 1 1
github.com/icaroribeiro/new-go-code-challenge-template-2/pkg/httputil/request/request.go:18.70,19.35 1 1
github.com/icaroribeiro/new-go-code-challenge-template-2/pkg/httputil/request/request.go:19.35,20.32 1 1
github.com/icaroribeiro/new-go-code-challenge-template-2/pkg/httputil/request/request.go:20.32,22.4 1 1
github.com/icaroribeiro/new-go-code-challenge-template-2/pkg/httputil/request/request.go:27.53,31.8 3 1
github.com/icaroribeiro/new-go-code-challenge-template-2/pkg/httputil/request/request.go:46.2,47.8 2 1
github.com/icaroribeiro/new-go-code-challenge-template-2/pkg/httputil/request/request.go:51.2,51.16 1 1
github.com/icaroribeiro/new-go-code-challenge-template-2/pkg/httputil/request/request.go:31.8,32.23 1 1
github.com/icaroribeiro/new-go-code-challenge-template-2/pkg/httputil/request/request.go:36.3,39.42 3 1
github.com/icaroribeiro/new-go-code-challenge-template-2/pkg/httputil/request/request.go:43.3,43.45 1 1
github.com/icaroribeiro/new-go-code-challenge-template-2/pkg/httputil/request/request.go:32.23,34.4 1 1
github.com/icaroribeiro/new-go-code-challenge-template-2/pkg/httputil/request/request.go:39.42,41.4 1 1
github.com/icaroribeiro/new-go-code-challenge-template-2/pkg/httputil/request/request.go:47.8,49.3 1 1
github.com/icaroribeiro/new-go-code-challenge-template-2/internal/transport/presentation/handler/graphql/gqlgen/graph/resolver/user.resolvers.go:12.81,14.16 2 1
github.com/icaroribeiro/new-go-code-challenge-template-2/internal/transport/presentation/handler/graphql/gqlgen/graph/resolver/user.resolvers.go:18.2,22.23 4 1
github.com/icaroribeiro/new-go-code-challenge-template-2/internal/transport/presentation/handler/graphql/gqlgen/graph/resolver/user.resolvers.go:26.2,26.22 1 1
github.com/icaroribeiro/new-go-code-challenge-template-2/internal/transport/presentation/handler/graphql/gqlgen/graph/resolver/user.resolvers.go:14.16,16.3 1 1
github.com/icaroribeiro/new-go-code-challenge-template-2/internal/transport/presentation/handler/graphql/gqlgen/graph/resolver/user.resolvers.go:22.23,24.3 1 1
github.com/icaroribeiro/new-go-code-challenge-template-2/internal/transport/presentation/handler/graphql/gqlgen/graph/resolver/auth.resolvers.go:17.112,19.25 2 1
github.com/icaroribeiro/new-go-code-challenge-template-2/internal/transport/presentation/handler/graphql/gqlgen/graph/resolver/auth.resolvers.go:23.2,24.16 2 1
github.com/icaroribeiro/new-go-code-challenge-template-2/internal/transport/presentation/handler/graphql/gqlgen/graph/resolver/auth.resolvers.go:28.2,28.46 1 1
github.com/icaroribeiro/new-go-code-challenge-template-2/internal/transport/presentation/handler/graphql/gqlgen/graph/resolver/auth.resolvers.go:19.25,21.3 1 1
github.com/icaroribeiro/new-go-code-challenge-template-2/internal/transport/presentation/handler/graphql/gqlgen/graph/resolver/auth.resolvers.go:24.16,26.3 1 1
github.com/icaroribeiro/new-go-code-challenge-template-2/internal/transport/presentation/handler/graphql/gqlgen/graph/resolver/auth.resolvers.go:31.112,33.25 2 1
github.com/icaroribeiro/new-go-code-challenge-template-2/internal/transport/presentation/handler/graphql/gqlgen/graph/resolver/auth.resolvers.go:37.2,38.16 2 1
github.com/icaroribeiro/new-go-code-challenge-template-2/internal/transport/presentation/handler/graphql/gqlgen/graph/resolver/auth.resolvers.go:42.2,42.46 1 1
github.com/icaroribeiro/new-go-code-challenge-template-2/internal/transport/presentation/handler/graphql/gqlgen/graph/resolver/auth.resolvers.go:33.25,35.3 1 1
github.com/icaroribeiro/new-go-code-challenge-template-2/internal/transport/presentation/handler/graphql/gqlgen/graph/resolver/auth.resolvers.go:38.16,40.3 1 1
github.com/icaroribeiro/new-go-code-challenge-template-2/internal/transport/presentation/handler/graphql/gqlgen/graph/resolver/auth.resolvers.go:45.90,47.27 2 1
github.com/icaroribeiro/new-go-code-challenge-template-2/internal/transport/presentation/handler/graphql/gqlgen/graph/resolver/auth.resolvers.go:51.2,52.16 2 1
github.com/icaroribeiro/new-go-code-challenge-template-2/internal/transport/presentation/handler/graphql/gqlgen/graph/resolver/auth.resolvers.go:56.2,56.46 1 1
github.com/icaroribeiro/new-go-code-challenge-template-2/internal/transport/presentation/handler/graphql/gqlgen/graph/resolver/auth.resolvers.go:47.27,49.3 1 1
github.com/icaroribeiro/new-go-code-challenge-template-2/internal/transport/presentation/handler/graphql/gqlgen/graph/resolver/auth.resolvers.go:52.16,54.3 1 1
github.com/icaroribeiro/new-go-code-challenge-template-2/internal/transport/presentation/handler/graphql/gqlgen/graph/resolver/auth.resolvers.go:59.118,61.27 2 1
github.com/icaroribeiro/new-go-code-challenge-template-2/internal/transport/presentation/handler/graphql/gqlgen/graph/resolver/auth.resolvers.go:65.2,66.16 2 1
github.com/icaroribeiro/new-go-code-challenge-template-2/internal/transport/presentation/handler/graphql/gqlgen/graph/resolver/auth.resolvers.go:70.2,72.8 1 1
github.com/icaroribeiro/new-go-code-challenge-template-2/internal/transport/presentation/handler/graphql/gqlgen/graph/resolver/auth.resolvers.go:61.27,63.3 1 1
github.com/icaroribeiro/new-go-code-challenge-template-2/internal/transport/presentation/handler/graphql/gqlgen/graph/resolver/auth.resolvers.go:66.16,68.3 1 1
github.com/icaroribeiro/new-go-code-challenge-template-2/internal/transport/presentation/handler/graphql/gqlgen/graph/resolver/auth.resolvers.go:75.85,77.27 2 1
github.com/icaroribeiro/new-go-code-challenge-template-2/internal/transport/presentation/handler/graphql/gqlgen/graph/resolver/auth.resolvers.go:81.2,82.16 2 1
github.com/icaroribeiro/new-go-code-challenge-template-2/internal/transport/presentation/handler/graphql/gqlgen/graph/resolver/auth.resolvers.go:86.2,88.8 1 1
github.com/icaroribeiro/new-go-code-challenge-template-2/internal/transport/presentation/handler/graphql/gqlgen/graph/resolver/auth.resolvers.go:77.27,79.3 1 1
github.com/icaroribeiro/new-go-code-challenge-template-2/internal/transport/presentation/handler/graphql/gqlgen/graph/resolver/auth.resolvers.go:82.16,84.3 1 1
github.com/icaroribeiro/new-go-code-challenge-template-2/internal/transport/presentation/handler/graphql/gqlgen/graph/resolver/auth.resolvers.go:92.58,92.89 1 1
github.com/icaroribeiro/new-go-code-challenge-template-2/internal/transport/presentation/handler/graphql/gqlgen/graph/resolver/healthcheck.resolvers.go:13.89,14.57 1 1
github.com/icaroribeiro/new-go-code-challenge-template-2/internal/transport/presentation/handler/graphql/gqlgen/graph/resolver/healthcheck.resolvers.go:18.2,20.8 1 1
github.com/icaroribeiro/new-go-code-challenge-template-2/internal/transport/presentation/handler/graphql/gqlgen/graph/resolver/healthcheck.resolvers.go:14.57,16.3 1 1
github.com/icaroribeiro/new-go-code-challenge-template-2/internal/transport/presentation/handler/graphql/gqlgen/graph/resolver/healthcheck.resolvers.go:24.52,24.80 1 1
github.com/icaroribeiro/new-go-code-challenge-template-2/internal/transport/presentation/handler/graphql/gqlgen/graph/resolver/resolver.go:16.80,22.2 1 1
github.com/icaroribeiro/new-go-code-challenge-template-2/pkg/middleware/auth/middleware.go:18.74,20.2 1 1
github.com/icaroribeiro/new-go-code-challenge-template-2/pkg/middleware/auth/middleware.go:23.54,26.2 2 1
github.com/icaroribeiro/new-go-code-challenge-template-2/pkg/middleware/auth/middleware.go:28.81,30.23 2 1
github.com/icaroribeiro/new-go-code-challenge-template-2/pkg/middleware/auth/middleware.go:35.2,36.27 2 1
github.com/icaroribeiro/new-go-code-challenge-template-2/pkg/middleware/auth/middleware.go:41.2,41.28 1 1
github.com/icaroribeiro/new-go-code-challenge-template-2/pkg/middleware/auth/middleware.go:30.23,33.3 2 1
github.com/icaroribeiro/new-go-code-challenge-template-2/pkg/middleware/auth/middleware.go:36.27,39.3 2 1
github.com/icaroribeiro/new-go-code-challenge-template-2/pkg/middleware/auth/middleware.go:45.53,46.54 1 1
github.com/icaroribeiro/new-go-code-challenge-template-2/pkg/middleware/auth/middleware.go:46.54,47.55 1 1
github.com/icaroribeiro/new-go-code-challenge-template-2/pkg/middleware/auth/middleware.go:47.55,49.18 2 1
github.com/icaroribeiro/new-go-code-challenge-template-2/pkg/middleware/auth/middleware.go:54.4,57.24 3 1
github.com/icaroribeiro/new-go-code-challenge-template-2/pkg/middleware/auth/middleware.go:49.18,52.5 2 1
github.com/icaroribeiro/new-go-code-challenge-template-2/pkg/datastore/datastore.go:13.58,16.16 2 1
github.com/icaroribeiro/new-go-code-challenge-template-2/pkg/datastore/datastore.go:21.2,21.82 1 1
github.com/icaroribeiro/new-go-code-challenge-template-2/pkg/datastore/datastore.go:17.18,18.37 1 1
github.com/icaroribeiro/new-go-code-challenge-template-2/pkg/datastore/datastore.go:25.43,27.2 1 1
github.com/icaroribeiro/new-go-code-challenge-template-2/pkg/datastore/datastore.go:30.34,32.16 2 1
github.com/icaroribeiro/new-go-code-challenge-template-2/pkg/datastore/datastore.go:36.2,36.19 1 1
github.com/icaroribeiro/new-go-code-challenge-template-2/pkg/datastore/datastore.go:32.16,34.3 1 1
github.com/icaroribeiro/new-go-code-challenge-template-2/pkg/datastore/postgres_driver.go:16.72,19.27 2 1
github.com/icaroribeiro/new-go-code-challenge-template-2/pkg/datastore/postgres_driver.go:31.2,34.16 3 1
github.com/icaroribeiro/new-go-code-challenge-template-2/pkg/datastore/postgres_driver.go:38.2,42.8 1 1
github.com/icaroribeiro/new-go-code-challenge-template-2/pkg/datastore/postgres_driver.go:19.27,21.3 1 1
github.com/icaroribeiro/new-go-code-challenge-template-2/pkg/datastore/postgres_driver.go:21.8,29.3 1 1
github.com/icaroribeiro/new-go-code-challenge-template-2/pkg/datastore/postgres_driver.go:34.16,36.3 1 1
github.com/icaroribeiro/new-go-code-challenge-template-2/pkg/datastore/postgres_driver.go:46.49,48.2 1 1
github.com/icaroribeiro/new-go-code-challenge-template-2/pkg/datastore/postgres_driver.go:51.40,53.2 1 1
github.com/icaroribeiro/new-go-code-challenge-template-2/pkg/server/server.go:13.59,20.2 1 1
github.com/icaroribeiro/new-go-code-challenge-template-2/pkg/server/server.go:23.32,25.2 1 1
github.com/icaroribeiro/new-go-code-challenge-template-2/pkg/server/server.go:28.50,30.2 1 1
github.com/icaroribeiro/new-go-code-challenge-template-2/pkg/validator/password/validator.go:12.50,14.36 2 1
github.com/icaroribeiro/new-go-code-challenge-template-2/pkg/validator/password/validator.go:18.2,18.26 1 1
github.com/icaroribeiro/new-go-code-challenge-template-2/pkg/validator/password/validator.go:22.2,26.42 3 1
github.com/icaroribeiro/new-go-code-challenge-template-2/pkg/validator/password/validator.go:30.2,30.12 1 1
github.com/icaroribeiro/new-go-code-challenge-template-2/pkg/validator/password/validator.go:14.36,16.3 1 1
github.com/icaroribeiro/new-go-code-challenge-template-2/pkg/validator/password/validator.go:18.26,20.3 1 1
github.com/icaroribeiro/new-go-code-challenge-template-2/pkg/validator/password/validator.go:26.42,28.3 1 1
github.com/icaroribeiro/new-go-code-challenge-template-2/pkg/security/security.go:11.22,13.2 1 1
github.com/icaroribeiro/new-go-code-challenge-template-2/pkg/security/security.go:16.76,17.20 1 1
github.com/icaroribeiro/new-go-code-challenge-template-2/pkg/security/security.go:21.2,21.60 1 1
github.com/icaroribeiro/new-go-code-challenge-template-2/pkg/security/security.go:17.20,19.3 1 1
github.com/icaroribeiro/new-go-code-challenge-template-2/pkg/security/security.go:25.75,26.96 1 1
github.com/icaroribeiro/new-go-code-challenge-template-2/pkg/security/security.go:34.2,34.12 1 1
github.com/icaroribeiro/new-go-code-challenge-template-2/pkg/security/security.go:26.96,27.49 1 1
github.com/icaroribeiro/new-go-code-challenge-template-2/pkg/security/security.go:31.3,31.13 1 1
github.com/icaroribeiro/new-go-code-challenge-template-2/pkg/security/security.go:27.49,29.4 1 1
github.com/icaroribeiro/new-go-code-challenge-template-2/pkg/validator/validator.go:14.85,17.52 2 1
github.com/icaroribeiro/new-go-code-challenge-template-2/pkg/validator/validator.go:25.2,27.8 1 1
github.com/icaroribeiro/new-go-code-challenge-template-2/pkg/validator/validator.go:17.52,19.17 2 1
github.com/icaroribeiro/new-go-code-challenge-template-2/pkg/validator/validator.go:19.17,22.4 2 1
github.com/icaroribeiro/new-go-code-challenge-template-2/pkg/validator/validator.go:31.51,33.2 1 1
github.com/icaroribeiro/new-go-code-challenge-template-2/pkg/validator/validator.go:36.72,38.2 1 1
github.com/icaroribeiro/new-go-code-challenge-template-2/pkg/validator/uuid/validator.go:13.50,15.36 2 1
github.com/icaroribeiro/new-go-code-challenge-template-2/pkg/validator/uuid/validator.go:19.2,19.46 1 1
github.com/icaroribeiro/new-go-code-challenge-template-2/pkg/validator/uuid/validator.go:23.2,26.16 3 1
github.com/icaroribeiro/new-go-code-challenge-template-2/pkg/validator/uuid/validator.go:30.2,30.12 1 1
github.com/icaroribeiro/new-go-code-challenge-template-2/pkg/validator/uuid/validator.go:15.36,17.3 1 1
github.com/icaroribeiro/new-go-code-challenge-template-2/pkg/validator/uuid/validator.go:19.46,21.3 1 1
github.com/icaroribeiro/new-go-code-challenge-template-2/pkg/validator/uuid/validator.go:26.16,28.3 1 1
github.com/icaroribeiro/new-go-code-challenge-template-2/pkg/validator/username/validator.go:12.50,14.36 2 1
github.com/icaroribeiro/new-go-code-challenge-template-2/pkg/validator/username/validator.go:18.2,18.26 1 1
github.com/icaroribeiro/new-go-code-challenge-template-2/pkg/validator/username/validator.go:22.2,26.42 3 1
github.com/icaroribeiro/new-go-code-challenge-template-2/pkg/validator/username/validator.go:30.2,30.12 1 1
github.com/icaroribeiro/new-go-code-challenge-template-2/pkg/validator/username/validator.go:14.36,16.3 1 1
github.com/icaroribeiro/new-go-code-challenge-template-2/pkg/validator/username/validator.go:18.26,20.3 1 1
github.com/icaroribeiro/new-go-code-challenge-template-2/pkg/validator/username/validator.go:26.42,28.3 1 1
